Using default tag: latest
latest: Pulling from nunopreguica/sd2122-tester-tp1
Digest: sha256:58741980c8f976e0b34ca79c5884cfdd37c8422be0dcd1ddb4d0718f0aea8242
Status: Image is up to date for nunopreguica/sd2122-tester-tp1:latest
docker.io/nunopreguica/sd2122-tester-tp1:latest
SD2122 +++ TP1 +++ Testing image: sd2122-tp1-58403-58655
Version 05.2 - 16/04/2022
+++++++++++++++++++++++++++++++++++++++++++++++++++++++++++++++
1a )	 Testing Docker environment [executing: docker info]
---------------------------------------------------------------
Docker ID: VRJV:7BB7:PYSS:PXXG:VYH3:QSKU:ZAQQ:GZJL:45CS:45H7:RORG:DDKK
OK                                                                                                                   
+++++++++++++++++++++++++++++++++++++++++++++++++++++++++++++++
1b )	Testing: Docker engine CPU cores...
---------------------------------------------------------------
OK                                                                                                                   
+++++++++++++++++++++++++++++++++++++++++++++++++++++++++++++++
1c )	Checking trabs.props [executing: docker run sd2122-tp1-58403-58655 /bin/cat trabs.props and nunopreguica/sd2122tpbase]
---------------------------------------------------------------
; Read properties from: ./trabs.props
;	USERS_REST_SERVER_MAINCLASS=tp1.impl.service.rest.users.servers.RestUsersServer
;	DISCOVERY_MULTICAST_PORT=2266
;	DISCOVERY_MULTICAST_IP=226.226.226.226
;	FILES_SOAP_SERVER_MAINCLASS=tp1.impl.service.soap.files.servers.SoapFilesServer
;	DIR_REST_PORT=8080
;	USERS_EXTRA_ARGS=mysecret
;	DIR_EXTRA_ARGS=mysecret
;	USERS_REST_PORT=8080
;	FILES_REST_SERVER_MAINCLASS=tp1.impl.service.rest.files.servers.RestFilesServer
;	DIR_SOAP_SERVER_MAINCLASS=tp1.impl.service.soap.directory.servers.SoapDirectoryServer
;	FILES_REST_PORT=8080
;	DIR_REST_SERVER_MAINCLASS=tp1.impl.service.rest.directory.servers.RestDirectoryServer
;	DIR_SOAP_PORT=8080
;	USERS_SOAP_SERVER_MAINCLASS=tp1.impl.service.soap.users.servers.SoapUsersServer
;	FILES_EXTRA_ARGS=mysecret
;	FILES_SOAP_PORT=8080
;	USERS_SOAP_PORT=8080
OK                                                                                                                   
+++++++++++++++++++++++++++++++++++++++++++++++++++++++++++++++
2a )	  Skipped...
---------------------------------------------------------------
+++++++++++++++++++++++++++++++++++++++++++++++++++++++++++++++
2b )	  Skipped...
---------------------------------------------------------------
+++++++++++++++++++++++++++++++++++++++++++++++++++++++++++++++
2c )	  Skipped...
---------------------------------------------------------------
+++++++++++++++++++++++++++++++++++++++++++++++++++++++++++++++
2d )	  Skipped...
---------------------------------------------------------------
+++++++++++++++++++++++++++++++++++++++++++++++++++++++++++++++
3a )	  Skipped...
---------------------------------------------------------------
+++++++++++++++++++++++++++++++++++++++++++++++++++++++++++++++
4a )	  Skipped...
---------------------------------------------------------------
+++++++++++++++++++++++++++++++++++++++++++++++++++++++++++++++
4b )	  Skipped...
---------------------------------------------------------------
+++++++++++++++++++++++++++++++++++++++++++++++++++++++++++++++
4c )	  Skipped...
---------------------------------------------------------------
+++++++++++++++++++++++++++++++++++++++++++++++++++++++++++++++
4d )	  Skipped...
---------------------------------------------------------------
+++++++++++++++++++++++++++++++++++++++++++++++++++++++++++++++
4e )	  Skipped...
---------------------------------------------------------------
+++++++++++++++++++++++++++++++++++++++++++++++++++++++++++++++
5a )	  Skipped...
---------------------------------------------------------------
+++++++++++++++++++++++++++++++++++++++++++++++++++++++++++++++
5b )	  Skipped...
---------------------------------------------------------------
+++++++++++++++++++++++++++++++++++++++++++++++++++++++++++++++
5c )	  Skipped...
---------------------------------------------------------------
+++++++++++++++++++++++++++++++++++++++++++++++++++++++++++++++
6a )	  Skipped...
---------------------------------------------------------------
+++++++++++++++++++++++++++++++++++++++++++++++++++++++++++++++
6b )	  Skipped...
---------------------------------------------------------------
+++++++++++++++++++++++++++++++++++++++++++++++++++++++++++++++
6c )	  Skipped...
---------------------------------------------------------------
+++++++++++++++++++++++++++++++++++++++++++++++++++++++++++++++
6d )	  Skipped...
---------------------------------------------------------------
+++++++++++++++++++++++++++++++++++++++++++++++++++++++++++++++
7a )	  Skipped...
---------------------------------------------------------------
+++++++++++++++++++++++++++++++++++++++++++++++++++++++++++++++
7b )	  Skipped...
---------------------------------------------------------------
+++++++++++++++++++++++++++++++++++++++++++++++++++++++++++++++
7c )	  Skipped...
---------------------------------------------------------------
+++++++++++++++++++++++++++++++++++++++++++++++++++++++++++++++
7d )	  Skipped...
---------------------------------------------------------------
+++++++++++++++++++++++++++++++++++++++++++++++++++++++++++++++
7e )	  Skipped...
---------------------------------------------------------------
+++++++++++++++++++++++++++++++++++++++++++++++++++++++++++++++
7f )	  Skipped...
---------------------------------------------------------------
+++++++++++++++++++++++++++++++++++++++++++++++++++++++++++++++
8a )	  Skipped...
---------------------------------------------------------------
+++++++++++++++++++++++++++++++++++++++++++++++++++++++++++++++
8b )	  Skipped...
---------------------------------------------------------------
+++++++++++++++++++++++++++++++++++++++++++++++++++++++++++++++
8c )	  Skipped...
---------------------------------------------------------------
+++++++++++++++++++++++++++++++++++++++++++++++++++++++++++++++
9a )	  Skipped...
---------------------------------------------------------------
+++++++++++++++++++++++++++++++++++++++++++++++++++++++++++++++
9b )	  Skipped...
---------------------------------------------------------------
+++++++++++++++++++++++++++++++++++++++++++++++++++++++++++++++
9c )	  Skipped...
---------------------------------------------------------------
+++++++++++++++++++++++++++++++++++++++++++++++++++++++++++++++
10a )	  Skipped...
---------------------------------------------------------------
+++++++++++++++++++++++++++++++++++++++++++++++++++++++++++++++
10b )	  Skipped...
---------------------------------------------------------------
+++++++++++++++++++++++++++++++++++++++++++++++++++++++++++++++
10c )	  Skipped...
---------------------------------------------------------------
+++++++++++++++++++++++++++++++++++++++++++++++++++++++++++++++
11a )	  Skipped...
---------------------------------------------------------------
+++++++++++++++++++++++++++++++++++++++++++++++++++++++++++++++
11b )	  Skipped...
---------------------------------------------------------------
+++++++++++++++++++++++++++++++++++++++++++++++++++++++++++++++
11c )	  Skipped...
---------------------------------------------------------------
+++++++++++++++++++++++++++++++++++++++++++++++++++++++++++++++
11d )	 Testing Access to Files : get, update : [0,0,0] REST servers ; [1,1,1] SOAP servers; [0,0,0] PROXY servers
---------------------------------------------------------------
Starting SOAP services: Users : <1> replicas : mainClass = <tp1.impl.service.soap.users.servers.SoapUsersServer> ; TLS : false
INFO: Starting SOAP services: Users : <1> replicas : mainClass = <tp1.impl.service.soap.users.servers.SoapUsersServer> ; TLS : false
CMD: /usr/bin/docker run --rm --privileged -d --network=sdnet --name users1.ourorg -h users1.ourorg sd2122-tp1-58403-58655 java --add-opens java.base/java.lang=ALL-UNNAMED -cp /home/sd/sd2122.jar tp1.impl.service.soap.users.servers.SoapUsersServer mysecret
Started: users1.ourorg : java --add-opens java.base/java.lang=ALL-UNNAMED -cp /home/sd/sd2122.jar tp1.impl.service.soap.users.servers.SoapUsersServer mysecret
6e94e7192b69a1ac61ce8f3b77c3b55de569a109607b61eed0ac2c09fdff2c65
Starting SOAP services: Directory : <1> replicas : mainClass = <tp1.impl.service.soap.directory.servers.SoapDirectoryServer> ; TLS : false
INFO: Starting SOAP services: Directory : <1> replicas : mainClass = <tp1.impl.service.soap.directory.servers.SoapDirectoryServer> ; TLS : false
CMD: /usr/bin/docker run --rm --privileged -d --network=sdnet --name dir1.ourorg -h dir1.ourorg sd2122-tp1-58403-58655 java --add-opens java.base/java.lang=ALL-UNNAMED -cp /home/sd/sd2122.jar tp1.impl.service.soap.directory.servers.SoapDirectoryServer mysecret
Started: dir1.ourorg : java --add-opens java.base/java.lang=ALL-UNNAMED -cp /home/sd/sd2122.jar tp1.impl.service.soap.directory.servers.SoapDirectoryServer mysecret
5394de5f7daee8ee5cac45bd1d2e756b4384da62749d8dab901568ca54be5d70
Starting SOAP services: Files : <1> replicas : mainClass = <tp1.impl.service.soap.files.servers.SoapFilesServer> ; TLS : false
INFO: Starting SOAP services: Files : <1> replicas : mainClass = <tp1.impl.service.soap.files.servers.SoapFilesServer> ; TLS : false
CMD: /usr/bin/docker run --rm --privileged -d --network=sdnet --name files1.ourorg -h files1.ourorg sd2122-tp1-58403-58655 java --add-opens java.base/java.lang=ALL-UNNAMED -cp /home/sd/sd2122.jar tp1.impl.service.soap.files.servers.SoapFilesServer mysecret
Started: files1.ourorg : java --add-opens java.base/java.lang=ALL-UNNAMED -cp /home/sd/sd2122.jar tp1.impl.service.soap.files.servers.SoapFilesServer mysecret
d532a1270736197225ea52b3f9589fb92f2f539f5d83626adc0df779a651a0e5
sleeping: 9 s                                                                                sleeping: 8 s                                                                                sleeping: 7 s                                                                                sleeping: 6 s                                                                                sleeping: 5 s                                                                                sleeping: 4 s                                                                                sleeping: 3 s                                                                                sleeping: 2 s                                                                                sleeping: 1 s                                                                                sleeping: 0 s                                                                                                                                                                ---------- Creating 5 users
1/5                                                                                